<?xml version="1.0" encoding="UTF-8"?>
<!-- Generated by org.testng.reporters.JUnitReportReporter -->
<testsuite hostname="Itctesting13" failures="0" tests="1" name="com.hyr.test.FirstTest" time="3.609" errors="0" timestamp="2022-06-28T06:56:23 GMT+05:30" skipped="0">
  <testcase classname="com.hyr.test.FirstTest" name="aboutus" time="3.609"/>
  <system-out/>
</testsuite> <!-- com.hyr.test.FirstTest -->
