<?xml version="1.0" encoding="UTF-8"?>
<!-- Generated by org.testng.reporters.JUnitReportReporter -->
<testsuite hostname="Itctesting13" failures="0" tests="8" name="com.hyr.test.AboutUs" time="47.544" errors="0" timestamp="2022-07-04T09:59:03 GMT+05:30" skipped="0">
  <testcase classname="com.hyr.test.AboutUs" name="Home" time="5.724"/>
  <system-out/>
  <testcase classname="com.hyr.test.AboutUs" name="AdminLogin" time="4.774"/>
  <system-out/>
  <testcase classname="com.hyr.test.AboutUs" name="adminBook" time="3.690"/>
  <system-out/>
  <testcase classname="com.hyr.test.AboutUs" name="StudentRegistration" time="5.266"/>
  <system-out/>
  <testcase classname="com.hyr.test.AboutUs" name="StudentLogin" time="6.991"/>
  <system-out/>
  <testcase classname="com.hyr.test.AboutUs" name="books" time="8.932"/>
  <system-out/>
  <testcase classname="com.hyr.test.AboutUs" name="cart" time="5.539"/>
  <system-out/>
  <testcase classname="com.hyr.test.AboutUs" name="aboutUs" time="6.628"/>
  <system-out/>
</testsuite> <!-- com.hyr.test.AboutUs -->
