<?xml version="1.0" encoding="UTF-8"?>
<!-- Generated by org.testng.reporters.JUnitReportReporter -->
<testsuite hostname="Itctesting13" failures="0" tests="1" name="TestClass" time="0.015" errors="0" timestamp="2022-06-24T08:05:34 GMT+05:30" skipped="0">
  <testcase classname="TestClass" name="food" time="0.015"/>
  <system-out/>
</testsuite> <!-- TestClass -->
